[08/25/2022 08:27:32] Debug: Session id: a480ffc4-ad33-4828-a948-8662ed51ef2b
[08/25/2022 08:27:32] Debug: Code Processor information: Name :SnowConvert, Version: 7.11.81.0
[08/25/2022 08:27:33] Debug: Getting license
[08/25/2022 08:27:33] Debug: License information
	Status: Failed
	Message: No active license available.
[08/25/2022 08:27:33] Info: Starting to validate parameters
[08/25/2022 08:27:33] Info: Parameters to validate: 
	Execution mode: Conversion
	LICENSE_KEY: a3372138-b87e-4a08-b929-3b48b24c63f1
[08/25/2022 08:27:33] Info: Validation of parameters: Success
[08/25/2022 08:27:33] Debug: Getting code descriptor
[08/25/2022 08:27:33] Debug: Code descriptor information
	Units: 51
	Units type: LOC
	All file bytes: 2141
	All found extensions: .sql,.dml,.ddl,.bteq,.btq,.fl,.fload,.ml,.mload,.mld,.tp,.tpump,.tpt
[08/25/2022 08:27:33] Debug: Calculating fingerprint
[08/25/2022 08:27:33] Debug: Fingerprint information Fingerprint(size=2141,projects=1)
[08/25/2022 08:27:33] Info: Starting to try to validate online license for execution
[08/25/2022 08:27:34] Debug: Getting license
[08/25/2022 08:27:34] Debug: License information
	Status: Failed
	Message: No active license available.
[08/25/2022 08:27:34] Debug: Starting the execution of the controller
[08/25/2022 08:27:35] Debug: Executing the worker: SnowConvert
[08/25/2022 08:27:56] Debug: Finished executing the worker: SnowConvert
[08/25/2022 08:27:58] Info: Controller execution ended
